Tue Jan 14 11:07:56 2025 [22304][-none-][FATAL] Bean file does not exist in path: modules/Users/User.php
Tue Jan 14 11:32:23 2025 [22304][-none-][FATAL] Bean file does not exist in path: modules/Users/User.php
Tue Jan 14 15:41:38 2025 [32840][-none-][FATAL] Bean file does not exist in path: modules/Users/User.php
Tue Jan 14 15:45:15 2025 [32840][-none-][FATAL] Bean file does not exist in path: modules/Users/User.php
Wed Jan 15 14:48:01 2025 [32840][-none-][FATAL] Bean file does not exist in path: modules/Users/User.php
Mon Jan 27 11:21:00 2025 [8172][-none-][FATAL] Bean file does not exist in path: modules/Users/User.php
Mon Feb 17 10:44:53 2025 [7440][-none-][FATAL] Bean file does not exist in path: modules/Users/User.php
Mon Feb 17 10:49:32 2025 [7440][-none-][FATAL] Bean file does not exist in path: modules/Users/User.php
Tue Feb 18 08:32:43 2025 [7440][-none-][FATAL] Bean file does not exist in path: modules/Users/User.php
Tue Feb 18 08:34:48 2025 [7440][-none-][FATAL] Bean file does not exist in path: modules/Users/User.php
Tue Feb 18 08:48:54 2025 [7440][-none-][FATAL] Bean file does not exist in path: modules/Users/User.php
Tue Feb 18 08:49:11 2025 [7440][-none-][FATAL] Bean file does not exist in path: modules/Users/User.php
Tue Feb 18 08:49:26 2025 [7440][-none-][FATAL] Bean file does not exist in path: modules/Users/User.php
Tue Feb 18 08:55:40 2025 [7440][-none-][FATAL] Bean file does not exist in path: modules/Users/User.php
Tue Feb 18 08:56:19 2025 [7440][-none-][FATAL] Bean file does not exist in path: modules/Users/User.php
Tue Feb 18 08:57:05 2025 [7440][-none-][FATAL] Bean file does not exist in path: modules/Users/User.php
Tue Feb 18 09:02:26 2025 [7440][-none-][FATAL] Bean file does not exist in path: modules/Users/User.php
Tue Feb 18 09:28:54 2025 [7440][-none-][FATAL] Bean file does not exist in path: modules/Users/User.php
Tue Feb 18 09:29:07 2025 [7440][-none-][FATAL] Bean file does not exist in path: modules/Users/User.php
Tue Feb 25 12:26:37 2025 [21420][-none-][FATAL] Bean file does not exist in path: modules/Users/User.php
Tue Feb 25 12:37:03 2025 [21420][-none-][FATAL] Bean file does not exist in path: modules/Users/User.php
Mon Mar  3 15:18:24 2025 [28148][-none-][FATAL] Bean file does not exist in path: modules/Users/User.php
Tue Mar  4 09:57:29 2025 [28148][-none-][FATAL] Bean file does not exist in path: modules/Users/User.php
Tue Mar  4 13:03:10 2025 [24444][-none-][FATAL] Bean file does not exist in path: modules/Users/User.php
Fri Mar 14 12:31:53 2025 [7804][-none-][FATAL] Bean file does not exist in path: modules/Users/User.php
Fri Mar 14 12:47:28 2025 [7804][-none-][FATAL] Bean file does not exist in path: modules/Users/User.php
Fri Mar 14 13:02:07 2025 [7804][-none-][FATAL] Bean file does not exist in path: modules/Users/User.php
Fri Mar 14 13:02:44 2025 [7804][-none-][FATAL] Bean file does not exist in path: modules/Users/User.php
Fri Mar 14 14:28:07 2025 [7804][-none-][FATAL] Bean file does not exist in path: modules/Users/User.php
Fri Mar 14 14:28:47 2025 [7804][-none-][FATAL] Bean file does not exist in path: modules/Users/User.php
Fri Mar 14 14:41:50 2025 [24596][-none-][FATAL] Bean file does not exist in path: modules/Users/User.php
Fri Mar 21 09:47:33 2025 [24596][-none-][FATAL] Bean file does not exist in path: modules/Users/User.php
Mon Mar 24 11:51:27 2025 [6952][-none-][FATAL] Bean file does not exist in path: modules/Users/User.php
Tue Apr  1 13:23:03 2025 [6952][-none-][FATAL] Bean file does not exist in path: modules/Users/User.php
Tue Apr  1 13:23:15 2025 [6952][-none-][FATAL] Bean file does not exist in path: modules/Users/User.php
Tue Apr  1 13:23:16 2025 [6952][-none-][FATAL] Bean file does not exist in path: modules/Users/User.php
Wed Apr  2 15:43:36 2025 [25884][-none-][FATAL] Bean file does not exist in path: modules/Users/User.php
Wed Apr  2 16:18:28 2025 [25884][-none-][FATAL] Bean file does not exist in path: modules/Users/User.php
Wed Apr  2 16:37:03 2025 [25884][-none-][FATAL] Bean file does not exist in path: modules/Users/User.php
Wed Apr  2 16:51:24 2025 [25884][-none-][FATAL] Bean file does not exist in path: modules/Users/User.php
Wed Apr  2 16:51:27 2025 [25884][-none-][FATAL] Bean file does not exist in path: modules/Users/User.php
Wed Apr  2 17:04:46 2025 [25884][-none-][FATAL] Bean file does not exist in path: modules/Users/User.php
Wed Apr  2 17:05:27 2025 [25884][-none-][FATAL] Bean file does not exist in path: modules/Users/User.php
Wed Apr  2 17:05:27 2025 [25884][-none-][FATAL] Bean file does not exist in path: modules/Users/User.php
Wed Apr  2 19:14:02 2025 [25884][-none-][FATAL] Bean file does not exist in path: modules/Users/User.php
Wed Apr  2 19:23:25 2025 [25884][-none-][FATAL] Bean file does not exist in path: modules/Users/User.php
Wed Apr  2 19:44:10 2025 [25884][-none-][FATAL] Bean file does not exist in path: modules/Users/User.php
Wed Apr  2 19:44:27 2025 [25884][-none-][FATAL] Bean file does not exist in path: modules/Users/User.php
Wed Apr  2 19:53:16 2025 [25884][-none-][FATAL] Bean file does not exist in path: modules/Users/User.php
Wed Apr  2 19:53:21 2025 [25884][-none-][FATAL] Bean file does not exist in path: modules/Users/User.php
Wed Apr  2 19:53:22 2025 [25884][-none-][FATAL] Bean file does not exist in path: modules/Users/User.php
Wed Apr  2 19:53:52 2025 [25884][-none-][FATAL] Bean file does not exist in path: modules/Users/User.php
Wed Apr  2 19:54:16 2025 [25884][-none-][FATAL] Bean file does not exist in path: modules/Users/User.php
Fri Apr  4 09:56:46 2025 [7044][-none-][FATAL] Bean file does not exist in path: modules/Users/User.php
Fri Apr 18 11:53:43 2025 [11036][-none-][FATAL] Bean file does not exist in path: modules/Users/User.php
Fri Apr 18 14:22:12 2025 [11036][-none-][FATAL] Bean file does not exist in path: modules/Users/User.php
